$name=bigkarnk
$version=2
$default=002
$main

#001 001
#002 002

#004 004
#005 005
#006 006
#007 007
#008 008
#009 009
#010 010
#011 011

#013 013
#014 014
#015 015
#016 016
#017 017
#018 018
#019 019
#020 020
#021 021
#022 022

#026 026
#027 027
#028 028
#029 029
#030 030
#031 031
#032 032

#035 035

#037 037
#038 038
#039 039
#040 040
#041 041
#042 042
#043 043
#044 044
#045 045
#046 046
#047 047
#048 048
#049 049
#050 050
#051 051
#052 052

#055 055

#057 057

#059 059
#060 060

#062 062
#063 063
#064 064
#065 065

#067 067
#068 068
#069 069
#070 070
#071 071
#072 072
#073 073
#074 074
#075 075

#079 079
#080 080

#082 082
#083 083
#084 084

#086 086

#088 088
#089 089
#090 090
#091 091

#094 094
#095 095
#096 096
#097 097
#098 098
#099 099
#100 100
#101 101

#105 105
#106 106
#107 107
#108 108
#109 109
#110 110
#111 111
#112 112
#113 113
#114 114
#115 115

#129 129
#130 130
#131 131
#132 132
#133 133
#134 134
#135 135
#136 136
#137 137
#138 138
#139 139
#140 140
#141 141
#142 142
#143 143
#144 144
#145 145
#146 146
#147 147
#148 148
#149 149
#150 150
#151 151
#152 152
#153 153
#154 154
#155 155
#156 156
#157 157
#158 158
#159 159
#160 160

// List Contribution by shunninghuang
$end
