$name=bigstrik
$version=2
$default=002
$main

#001 001
#002 002
#003 003
#004 004
#005 005
#006 006
#007 007
#008 008
#009 009
#010 010
#011 011
#012 012
#013 013
#014 014
#015 015
#016 016
#017 017

#032 032
#033 033
#034 034
#035 035
#036 036
#037 037
#038 038
#039 039
#040 040
#041 041
#042 042
#043 043
#044 044
#045 045
#046 046
#047 047

#064 064
#065 065
#066 066
#067 067
#068 068
#069 069
#070 070
#071 071
#072 072
#073 073
#074 074
#075 075
#076 076
#077 077
#078 078
#079 079

#171 171
#172 172

#177 177

#202 202

#209 209
#210 210
#211 211

#235 235

#237 237

#243 243

#246 246

// List Contribution by shunninghuang
$end
