$name=chimerab
$version=2
$default=002
$main

#001 001
#002 002
#003 003
#004 004
#005 005
#006 006
#007 007
#008 008
#009 009
#010 010
#011 011
#012 012
#013 013
#014 014
#015 015
#016 016
#017 017

#032 032
#033 033
#034 034
#035 035
#036 036
#037 037
#038 038
#039 039
#040 040
#041 041
#042 042
#043 043
#044 044

#064 064
#065 065
#066 066
#067 067
#068 068
#069 069
#070 070
#071 071
#072 072
#073 073
#074 074
#075 075
#076 076
#077 077

#099 099

#102 102

#105 105

#110 110
#111 111

#139 139

#142 142

#150 150

#152 152

#154 154

#158 158

#173 173

#181 181

#183 183
#184 184

#187 187

#190 190
#191 191
#192 192

#217 217

#236 236

#243 243

#245 245

#252 252

// List Contribution by shunninghuang
$end
