$name=cybattlr
$version=2
$default=002
$main

#001 001
#002 002
#003 003
#004 004
#005 005
#006 006
#007 007
#008 008
#009 009
#010 010
#011 011
#012 012
#013 013
#014 014
#015 015
#016 016

#031 031
#032 032
#033 033
#034 034
#035 035
#036 036
#037 037
#038 038
#039 039
#040 040
#041 041
#042 042
#043 043
#044 044
#045 045
#046 046
#047 047
#048 048
#049 049
#050 050
#051 051
#052 052
#053 053
#054 054
#055 055
#056 056
#057 057
#058 058
#059 059
#060 060
#061 061
#062 062
#063 063
#064 064
#065 065
#066 066
#067 067
#068 068
#069 069
#070 070
#071 071
#072 072
#073 073
#074 074
#075 075
#076 076
#077 077
#078 078
#079 079
#080 080
#081 081
#082 082
#083 083
#084 084
#085 085
#086 086
#087 087
#088 088
#089 089
#090 090

#097 097
#098 098
#099 099
#100 100
#101 101
#102 102
#103 103
#104 104
#105 105

// List Contribution by shunninghuang
$end
