$name=hayaosi1
$version=2
$default=002
$main

#001 001
#002 002
#003 003
#004 004
#005 005
#006 006
#007 007
#008 008
#009 009
#010 010
#011 011

#017 017

#021 021
#022 022
#023 023
#024 024
#025 025
#026 026
#027 027
#028 028
#029 029
#030 030
#031 031
#032 032
#033 033
#034 034
#035 035
#036 036
#037 037
#038 038
#039 039
#040 040
#041 041
#042 042
#043 043
#044 044
#045 045
#046 046
#047 047
#048 048
#049 049
#050 050
#051 051
#052 052
#053 053
#054 054
#055 055
#056 056
#057 057
#058 058
#059 059
#060 060
#061 061
#062 062
#063 063
#064 064
#065 065

// List Contribution by shunninghuang
$end
